Release 14.6 - xst P.68d (nt64)
Copyright (c) 1995-2013 Xilinx, Inc.  All rights reserved.
--> Parameter TMPDIR set to xst/projnav.tmp


Total REAL time to Xst completion: 0.00 secs
Total CPU time to Xst completion: 0.11 secs
 
--> Parameter xsthdpdir set to xst


Total REAL time to Xst completion: 0.00 secs
Total CPU time to Xst completion: 0.11 secs
 
--> Reading design: ALU.prj

TABLE OF CONTENTS
  1) Synthesis Options Summary
  2) HDL Parsing
  3) HDL Elaboration
  4) HDL Synthesis
       4.1) HDL Synthesis Report
  5) Advanced HDL Synthesis
       5.1) Advanced HDL Synthesis Report
  6) Low Level Synthesis
  7) Partition Report
  8) Design Summary
       8.1) Primitive and Black Box Usage
       8.2) Device utilization summary
       8.3) Partition Resource Summary
       8.4) Timing Report
            8.4.1) Clock Information
            8.4.2) Asynchronous Control Signals Information
            8.4.3) Timing Summary
            8.4.4) Timing Details
            8.4.5) Cross Clock Domains Report


=========================================================================
*                      Synthesis Options Summary                        *
=========================================================================
---- Source Parameters
Input File Name                    : "ALU.prj"
Ignore Synthesis Constraint File   : NO

---- Target Parameters
Output File Name                   : "ALU"
Output Format                      : NGC
Target Device                      : xc6slx45-2-fgg676

---- Source Options
Top Module Name                    : ALU
Automatic FSM Extraction           : YES
FSM Encoding Algorithm             : Auto
Safe Implementation                : No
FSM Style                          : LUT
RAM Extraction                     : Yes
RAM Style                          : Auto
ROM Extraction                     : Yes
Shift Register Extraction          : YES
ROM Style                          : Auto
Resource Sharing                   : YES
Asynchronous To Synchronous        : NO
Shift Register Minimum Size        : 2
Use DSP Block                      : Auto
Automatic Register Balancing       : No

---- Target Options
LUT Combining                      : Auto
Reduce Control Sets                : Auto
Add IO Buffers                     : YES
Global Maximum Fanout              : 100000
Add Generic Clock Buffer(BUFG)     : 16
Register Duplication               : YES
Optimize Instantiated Primitives   : NO
Use Clock Enable                   : Auto
Use Synchronous Set                : Auto
Use Synchronous Reset              : Auto
Pack IO Registers into IOBs        : Auto
Equivalent register Removal        : YES

---- General Options
Optimization Goal                  : Speed
Optimization Effort                : 1
Power Reduction                    : NO
Keep Hierarchy                     : No
Netlist Hierarchy                  : As_Optimized
RTL Output                         : Yes
Global Optimization                : AllClockNets
Read Cores                         : YES
Write Timing Constraints           : NO
Cross Clock Analysis               : NO
Hierarchy Separator                : /
Bus Delimiter                      : <>
Case Specifier                     : Maintain
Slice Utilization Ratio            : 100
BRAM Utilization Ratio             : 100
DSP48 Utilization Ratio            : 100
Auto BRAM Packing                  : NO
Slice Utilization Ratio Delta      : 5

=========================================================================


=========================================================================
*                          HDL Parsing                                  *
=========================================================================
Parsing VHDL file "D:\IN31\Intel_i11\ALU.vhd" into library work
Parsing entity <ALU>.
Parsing architecture <Behavioral> of entity <alu>.

=========================================================================
*                            HDL Elaboration                            *
=========================================================================

Elaborating entity <ALU> (architecture <Behavioral>) from library <work>.

=========================================================================
*                           HDL Synthesis                               *
=========================================================================

Synthesizing Unit <ALU>.
    Related source file is "D:\IN31\Intel_i11\ALU.vhd".
    Found 16-bit adder for signal <iA[15]_iB[15]_add_0_OUT> created at line 54.
    Found 17-bit adder for signal <GND_5_o_GND_5_o_add_1_OUT> created at line 55.
    Found 16-bit adder for signal <iA[15]_GND_5_o_add_6_OUT> created at line 64.
    Found 17-bit adder for signal <GND_5_o_GND_5_o_add_7_OUT> created at line 65.
    Found 16-bit subtractor for signal <GND_5_o_GND_5_o_sub_3_OUT<15:0>> created at line 56.
    Found 16-bit subtractor for signal <GND_5_o_GND_5_o_sub_9_OUT<15:0>> created at line 66.
    Found 16-bit subtractor for signal <GND_5_o_GND_5_o_sub_10_OUT<15:0>> created at line 72.
    Found 16-bit 13-to-1 multiplexer for signal <oC> created at line 51.
    Summary:
	inferred   2 Adder/Subtractor(s).
	inferred  26 Multiplexer(s).
Unit <ALU> synthesized.

=========================================================================
HDL Synthesis Report

Macro Statistics
# Adders/Subtractors                                   : 2
 16-bit addsub                                         : 1
 17-bit adder                                          : 1
# Multiplexers                                         : 26
 1-bit 2-to-1 multiplexer                              : 3
 16-bit 2-to-1 multiplexer                             : 19
 17-bit 2-to-1 multiplexer                             : 4

=========================================================================
INFO:Xst:1767 - HDL ADVISOR - Resource sharing has identified that some arithmetic operations in this design can share the same physical resources for reduced device utilization. For improved clock frequency you may try to disable resource sharing.

=========================================================================
*                       Advanced HDL Synthesis                          *
=========================================================================


=========================================================================
Advanced HDL Synthesis Report

Macro Statistics
# Adders/Subtractors                                   : 2
 16-bit addsub                                         : 1
 17-bit adder                                          : 1
# Multiplexers                                         : 26
 1-bit 2-to-1 multiplexer                              : 3
 16-bit 2-to-1 multiplexer                             : 19
 17-bit 2-to-1 multiplexer                             : 4

=========================================================================

=========================================================================
*                         Low Level Synthesis                           *
=========================================================================

Optimizing unit <ALU> ...

Mapping all equations...
Building and optimizing final netlist ...
Found area constraint ratio of 100 (+ 5) on block ALU, actual ratio is 0.

Final Macro Processing ...

=========================================================================
Final Register Report

Found no macro
=========================================================================

=========================================================================
*                           Partition Report                            *
=========================================================================

Partition Implementation Status
-------------------------------

  No Partitions were found in this design.

-------------------------------

=========================================================================
*                            Design Summary                             *
=========================================================================

Top Level Output File Name         : ALU.ngc

Primitive and Black Box Usage:
------------------------------
# BELS                             : 161
#      GND                         : 1
#      LUT2                        : 13
#      LUT4                        : 30
#      LUT5                        : 22
#      LUT6                        : 48
#      MUXCY                       : 29
#      MUXF7                       : 2
#      XORCY                       : 16
# IO Buffers                       : 55
#      IBUF                        : 36
#      OBUF                        : 19

Device utilization summary:
---------------------------

Selected Device : 6slx45fgg676-2 


Slice Logic Utilization: 
 Number of Slice LUTs:                  113  out of  27288     0%  
    Number used as Logic:               113  out of  27288     0%  

Slice Logic Distribution: 
 Number of LUT Flip Flop pairs used:    113
   Number with an unused Flip Flop:     113  out of    113   100%  
   Number with an unused LUT:             0  out of    113     0%  
   Number of fully used LUT-FF pairs:     0  out of    113     0%  
   Number of unique control sets:         0

IO Utilization: 
 Number of IOs:                          55
 Number of bonded IOBs:                  55  out of    358    15%  

Specific Feature Utilization:

---------------------------
Partition Resource Summary:
---------------------------

  No Partitions were found in this design.

---------------------------


=========================================================================
Timing Report

NOTE: THESE TIMING NUMBERS ARE ONLY A SYNTHESIS ESTIMATE.
      FOR ACCURATE TIMING INFORMATION PLEASE REFER TO THE TRACE REPORT
      GENERATED AFTER PLACE-and-ROUTE.

Clock Information:
------------------
No clock signals found in this design

Asynchronous Control Signals Information:
----------------------------------------
No asynchronous control signals found in this design

Timing Summary:
---------------
Speed Grade: -2

   Minimum period: No path found
   Minimum input arrival time before clock: No path found
   Maximum output required time after clock: No path found
   Maximum combinational path delay: 13.653ns

Timing Details:
---------------
All values displayed in nanoseconds (ns)

=========================================================================
Timing constraint: Default path analysis
  Total number of paths / destination ports: 9551 / 19
-------------------------------------------------------------------------
Delay:               13.653ns (Levels of Logic = 18)
  Source:            iSEL<2> (PAD)
  Destination:       oZERO (PAD)

  Data Path: iSEL<2> to oZERO
                                Gate     Net
    Cell:in->out      fanout   Delay   Delay  Logical Name (Net Name)
    ----------------------------------------  ------------
     IBUF:I->O            68   1.328   2.237  iSEL_2_IBUF (iSEL_2_IBUF)
     LUT5:I1->O            1   0.254   0.682  Mmux_oC12_A21 (Mmux_oC12_A2)
     LUT5:I4->O            1   0.254   1.137  Mmux_oC12_A23 (Mmux_oC12_rs_A<0>)
     LUT6:I0->O            1   0.254   0.000  Mmux_oC12_rs_lut<0> (Mmux_oC12_rs_lut<0>)
     MUXCY:S->O            1   0.215   0.000  Mmux_oC12_rs_cy<0> (Mmux_oC12_rs_cy<0>)
     MUXCY:CI->O           1   0.023   0.000  Mmux_oC12_rs_cy<1> (Mmux_oC12_rs_cy<1>)
     MUXCY:CI->O           1   0.023   0.000  Mmux_oC12_rs_cy<2> (Mmux_oC12_rs_cy<2>)
     MUXCY:CI->O           1   0.023   0.000  Mmux_oC12_rs_cy<3> (Mmux_oC12_rs_cy<3>)
     MUXCY:CI->O           1   0.023   0.000  Mmux_oC12_rs_cy<4> (Mmux_oC12_rs_cy<4>)
     MUXCY:CI->O           1   0.023   0.000  Mmux_oC12_rs_cy<5> (Mmux_oC12_rs_cy<5>)
     MUXCY:CI->O           1   0.023   0.000  Mmux_oC12_rs_cy<6> (Mmux_oC12_rs_cy<6>)
     MUXCY:CI->O           1   0.023   0.000  Mmux_oC12_rs_cy<7> (Mmux_oC12_rs_cy<7>)
     MUXCY:CI->O           1   0.023   0.000  Mmux_oC12_rs_cy<8> (Mmux_oC12_rs_cy<8>)
     XORCY:CI->O           2   0.206   1.181  Mmux_oC12_rs_xor<9> (oC_9_OBUF)
     LUT6:I0->O            1   0.254   0.682  oZERO1 (oZERO1)
     LUT6:I5->O            1   0.254   0.682  oZERO5_SW0 (N8)
     LUT6:I5->O            1   0.254   0.681  oZERO5 (oZERO_OBUF)
     OBUF:I->O                 2.912          oZERO_OBUF (oZERO)
    ----------------------------------------
    Total                     13.653ns (6.371ns logic, 7.282ns route)
                                       (46.7% logic, 53.3% route)

=========================================================================

Cross Clock Domains Report:
--------------------------

=========================================================================


Total REAL time to Xst completion: 5.00 secs
Total CPU time to Xst completion: 4.99 secs
 
--> 

Total memory usage is 259776 kilobytes

Number of errors   :    0 (   0 filtered)
Number of warnings :    0 (   0 filtered)
Number of infos    :    1 (   0 filtered)

