Release 14.6 - xst P.68d (nt64)
Copyright (c) 1995-2013 Xilinx, Inc.  All rights reserved.
--> Parameter TMPDIR set to xst/projnav.tmp


Total REAL time to Xst completion: 1.00 secs
Total CPU time to Xst completion: 0.11 secs
 
--> Parameter xsthdpdir set to xst


Total REAL time to Xst completion: 1.00 secs
Total CPU time to Xst completion: 0.11 secs
 
--> Reading design: UpravljackaJedinica.prj

TABLE OF CONTENTS
  1) Synthesis Options Summary
  2) HDL Parsing
  3) HDL Elaboration
  4) HDL Synthesis
       4.1) HDL Synthesis Report
  5) Advanced HDL Synthesis
       5.1) Advanced HDL Synthesis Report
  6) Low Level Synthesis
  7) Partition Report
  8) Design Summary
       8.1) Primitive and Black Box Usage
       8.2) Device utilization summary
       8.3) Partition Resource Summary
       8.4) Timing Report
            8.4.1) Clock Information
            8.4.2) Asynchronous Control Signals Information
            8.4.3) Timing Summary
            8.4.4) Timing Details
            8.4.5) Cross Clock Domains Report


=========================================================================
*                      Synthesis Options Summary                        *
=========================================================================
---- Source Parameters
Input File Name                    : "UpravljackaJedinica.prj"
Ignore Synthesis Constraint File   : NO

---- Target Parameters
Output File Name                   : "UpravljackaJedinica"
Output Format                      : NGC
Target Device                      : xc6slx45-2-fgg676

---- Source Options
Top Module Name                    : UpravljackaJedinica
Automatic FSM Extraction           : YES
FSM Encoding Algorithm             : Auto
Safe Implementation                : No
FSM Style                          : LUT
RAM Extraction                     : Yes
RAM Style                          : Auto
ROM Extraction                     : Yes
Shift Register Extraction          : YES
ROM Style                          : Auto
Resource Sharing                   : YES
Asynchronous To Synchronous        : NO
Shift Register Minimum Size        : 2
Use DSP Block                      : Auto
Automatic Register Balancing       : No

---- Target Options
LUT Combining                      : Auto
Reduce Control Sets                : Auto
Add IO Buffers                     : YES
Global Maximum Fanout              : 100000
Add Generic Clock Buffer(BUFG)     : 16
Register Duplication               : YES
Optimize Instantiated Primitives   : NO
Use Clock Enable                   : Auto
Use Synchronous Set                : Auto
Use Synchronous Reset              : Auto
Pack IO Registers into IOBs        : Auto
Equivalent register Removal        : YES

---- General Options
Optimization Goal                  : Speed
Optimization Effort                : 1
Power Reduction                    : NO
Keep Hierarchy                     : No
Netlist Hierarchy                  : As_Optimized
RTL Output                         : Yes
Global Optimization                : AllClockNets
Read Cores                         : YES
Write Timing Constraints           : NO
Cross Clock Analysis               : NO
Hierarchy Separator                : /
Bus Delimiter                      : <>
Case Specifier                     : Maintain
Slice Utilization Ratio            : 100
BRAM Utilization Ratio             : 100
DSP48 Utilization Ratio            : 100
Auto BRAM Packing                  : NO
Slice Utilization Ratio Delta      : 5

=========================================================================


=========================================================================
*                          HDL Parsing                                  *
=========================================================================
Parsing VHDL file "D:\IN31\Intel_i11\UpravljackaJedinica.vhd" into library work
Parsing entity <UpravljackaJedinica>.
Parsing architecture <Behavioral> of entity <upravljackajedinica>.

=========================================================================
*                            HDL Elaboration                            *
=========================================================================

Elaborating entity <UpravljackaJedinica> (architecture <Behavioral>) from library <work>.

=========================================================================
*                           HDL Synthesis                               *
=========================================================================

Synthesizing Unit <UpravljackaJedinica>.
    Related source file is "D:\IN31\Intel_i11\UpravljackaJedinica.vhd".
    Found 2-bit register for signal <sSTATE>.
    Found finite state machine <FSM_0> for signal <sSTATE>.
    -----------------------------------------------------------------------
    | States             | 4                                              |
    | Transitions        | 4                                              |
    | Inputs             | 0                                              |
    | Outputs            | 15                                             |
    | Clock              | iCLK (rising_edge)                             |
    | Reset              | inRST (negative)                               |
    | Reset type         | asynchronous                                   |
    | Reset State        | s1                                             |
    | Power Up State     | s1                                             |
    | Encoding           | auto                                           |
    | Implementation     | LUT                                            |
    -----------------------------------------------------------------------
    Summary:
	inferred   1 Finite State Machine(s).
Unit <UpravljackaJedinica> synthesized.

=========================================================================
HDL Synthesis Report

Macro Statistics
# FSMs                                                 : 1

=========================================================================

=========================================================================
*                       Advanced HDL Synthesis                          *
=========================================================================


=========================================================================
Advanced HDL Synthesis Report

Macro Statistics
# FSMs                                                 : 1

=========================================================================

=========================================================================
*                         Low Level Synthesis                           *
=========================================================================
Analyzing FSM <MFsm> for best encoding.
Optimizing FSM <FSM_0> on signal <sSTATE[1:4]> with one-hot encoding.
-------------------
 State | Encoding
-------------------
 s1    | 0001
 s2    | 0010
 s3    | 0100
 nop   | 1000
-------------------

Optimizing unit <UpravljackaJedinica> ...

Mapping all equations...
Building and optimizing final netlist ...
Found area constraint ratio of 100 (+ 5) on block UpravljackaJedinica, actual ratio is 0.
FlipFlop sSTATE_FSM_FFd4 has been replicated 1 time(s) to handle iob=true attribute.

Final Macro Processing ...

=========================================================================
Final Register Report

Macro Statistics
# Registers                                            : 5
 Flip-Flops                                            : 5

=========================================================================

=========================================================================
*                           Partition Report                            *
=========================================================================

Partition Implementation Status
-------------------------------

  No Partitions were found in this design.

-------------------------------

=========================================================================
*                            Design Summary                             *
=========================================================================

Top Level Output File Name         : UpravljackaJedinica.ngc

Primitive and Black Box Usage:
------------------------------
# BELS                             : 7
#      GND                         : 1
#      INV                         : 3
#      LUT2                        : 3
# FlipFlops/Latches                : 5
#      FDC                         : 3
#      FDP                         : 2
# Clock Buffers                    : 1
#      BUFGP                       : 1
# IO Buffers                       : 21
#      IBUF                        : 1
#      OBUF                        : 20

Device utilization summary:
---------------------------

Selected Device : 6slx45fgg676-2 


Slice Logic Utilization: 
 Number of Slice Registers:               4  out of  54576     0%  
 Number of Slice LUTs:                    6  out of  27288     0%  
    Number used as Logic:                 6  out of  27288     0%  

Slice Logic Distribution: 
 Number of LUT Flip Flop pairs used:     10
   Number with an unused Flip Flop:       6  out of     10    60%  
   Number with an unused LUT:             4  out of     10    40%  
   Number of fully used LUT-FF pairs:     0  out of     10     0%  
   Number of unique control sets:         1

IO Utilization: 
 Number of IOs:                          22
 Number of bonded IOBs:                  22  out of    358     6%  
    IOB Flip Flops/Latches:               1

Specific Feature Utilization:
 Number of BUFG/BUFGCTRLs:                1  out of     16     6%  

---------------------------
Partition Resource Summary:
---------------------------

  No Partitions were found in this design.

---------------------------


=========================================================================
Timing Report

NOTE: THESE TIMING NUMBERS ARE ONLY A SYNTHESIS ESTIMATE.
      FOR ACCURATE TIMING INFORMATION PLEASE REFER TO THE TRACE REPORT
      GENERATED AFTER PLACE-and-ROUTE.

Clock Information:
------------------
-----------------------------------+------------------------+-------+
Clock Signal                       | Clock buffer(FF name)  | Load  |
-----------------------------------+------------------------+-------+
iCLK                               | BUFGP                  | 5     |
-----------------------------------+------------------------+-------+

Asynchronous Control Signals Information:
----------------------------------------
No asynchronous control signals found in this design

Timing Summary:
---------------
Speed Grade: -2

   Minimum period: 1.763ns (Maximum Frequency: 567.215MHz)
   Minimum input arrival time before clock: 3.563ns
   Maximum output required time after clock: 5.430ns
   Maximum combinational path delay: No path found

Timing Details:
---------------
All values displayed in nanoseconds (ns)

=========================================================================
Timing constraint: Default period analysis for Clock 'iCLK'
  Clock period: 1.763ns (frequency: 567.215MHz)
  Total number of paths / destination ports: 4 / 3
-------------------------------------------------------------------------
Delay:               1.763ns (Levels of Logic = 1)
  Source:            sSTATE_FSM_FFd1 (FF)
  Destination:       sSTATE_FSM_FFd1 (FF)
  Source Clock:      iCLK rising
  Destination Clock: iCLK rising

  Data Path: sSTATE_FSM_FFd1 to sSTATE_FSM_FFd1
                                Gate     Net
    Cell:in->out      fanout   Delay   Delay  Logical Name (Net Name)
    ----------------------------------------  ------------
     FDC:C->Q              7   0.525   0.910  sSTATE_FSM_FFd1 (sSTATE_FSM_FFd1)
     LUT2:I1->O            2   0.254   0.000  oMUXA_SEL<0>1 (oMUXA_SEL_0_OBUF)
     FDC:D                     0.074          sSTATE_FSM_FFd1
    ----------------------------------------
    Total                      1.763ns (0.853ns logic, 0.910ns route)
                                       (48.4% logic, 51.6% route)

=========================================================================
Timing constraint: Default OFFSET IN BEFORE for Clock 'iCLK'
  Total number of paths / destination ports: 5 / 5
-------------------------------------------------------------------------
Offset:              3.563ns (Levels of Logic = 2)
  Source:            inRST (PAD)
  Destination:       sSTATE_FSM_FFd4 (FF)
  Destination Clock: iCLK rising

  Data Path: inRST to sSTATE_FSM_FFd4
                                Gate     Net
    Cell:in->out      fanout   Delay   Delay  Logical Name (Net Name)
    ----------------------------------------  ------------
     IBUF:I->O             1   1.328   0.681  inRST_IBUF (inRST_IBUF)
     INV:I->O              5   0.255   0.840  inRST_inv1_INV_0 (inRST_inv)
     FDP:PRE                   0.459          sSTATE_FSM_FFd4
    ----------------------------------------
    Total                      3.563ns (2.042ns logic, 1.521ns route)
                                       (57.3% logic, 42.7% route)

=========================================================================
Timing constraint: Default OFFSET OUT AFTER for Clock 'iCLK'
  Total number of paths / destination ports: 19 / 15
-------------------------------------------------------------------------
Offset:              5.430ns (Levels of Logic = 2)
  Source:            sSTATE_FSM_FFd1 (FF)
  Destination:       oMUXB_SEL<3> (PAD)
  Source Clock:      iCLK rising

  Data Path: sSTATE_FSM_FFd1 to oMUXB_SEL<3>
                                Gate     Net
    Cell:in->out      fanout   Delay   Delay  Logical Name (Net Name)
    ----------------------------------------  ------------
     FDC:C->Q              7   0.525   1.018  sSTATE_FSM_FFd1 (sSTATE_FSM_FFd1)
     LUT2:I0->O            2   0.250   0.725  oMUXB_SEL<3>1 (oMUXB_SEL_3_OBUF)
     OBUF:I->O                 2.912          oMUXB_SEL_3_OBUF (oMUXB_SEL<3>)
    ----------------------------------------
    Total                      5.430ns (3.687ns logic, 1.743ns route)
                                       (67.9% logic, 32.1% route)

=========================================================================

Cross Clock Domains Report:
--------------------------

Clock to Setup on destination clock iCLK
---------------+---------+---------+---------+---------+
               | Src:Rise| Src:Fall| Src:Rise| Src:Fall|
Source Clock   |Dest:Rise|Dest:Rise|Dest:Fall|Dest:Fall|
---------------+---------+---------+---------+---------+
iCLK           |    1.763|         |         |         |
---------------+---------+---------+---------+---------+

=========================================================================


Total REAL time to Xst completion: 5.00 secs
Total CPU time to Xst completion: 4.46 secs
 
--> 

Total memory usage is 257856 kilobytes

Number of errors   :    0 (   0 filtered)
Number of warnings :    0 (   0 filtered)
Number of infos    :    0 (   0 filtered)

